<?xml version="1.0" encoding="UTF-8"?>
<!-- Generated by org.testng.reporters.JUnitXMLReporter -->
<testsuite ignored="0" hostname="DESKTOP-HOQ6JVN" failures="1" tests="3" name="Default test" time="10.958" errors="0" timestamp="2025-03-21T21:17:11 IST">
  <testcase classname="io.cucumber.testng.AbstractTestNGCucumberTests" name="runScenario" time="5.989">
    <failure type="java.lang.AssertionError" message="The following asserts failed:
	Cart total mismatch! Failing test. expected [true] but found [false]">
      <![CDATA[java.lang.AssertionError: The following asserts failed:
Cart total mismatch! Failing test. expected [true] but found [false]
at org.testng.asserts.SoftAssert.assertAll(SoftAssert.java:46)
at org.testng.asserts.SoftAssert.assertAll(SoftAssert.java:30)
at StepDefinition.LetsKodeItStepDef.cart_total_should_match_the_garment_price(LetsKodeItStepDef.java:349)
at âœ½.Cart total should match the garment price(file:///C:/Users/Shanmukh/eclipse-workspace/POM.LetsKodeIt/src/test/resources/features/shoppingcart.feature:9)
]]>
    </failure>
  </testcase> <!-- runScenario -->
  <testcase classname="io.cucumber.testng.AbstractTestNGCucumberTests" name="runScenario" time="0.611"/>
  <testcase classname="io.cucumber.testng.AbstractTestNGCucumberTests" name="runScenario" time="0.663"/>
</testsuite> <!-- Default test -->
